<?xml version="1.0" encoding="utf-8"?><testsuites name="pytest tests"><testsuite name="pytest" errors="0" failures="0" skipped="0" tests="15" time="2.114" timestamp="2026-04-24T07:21:50.479657+00:00" hostname="agent-env-03536688-f57d-46fd-b473-47714e7ae508"><testcase classname="backend.tests.test_parental_control.TestChildren" name="test_list_children" time="0.364" /><testcase classname="backend.tests.test_parental_control.TestDashboard" name="test_dashboard" time="0.051" /><testcase classname="backend.tests.test_parental_control.TestDashboard" name="test_dashboard_404" time="0.046" /><testcase classname="backend.tests.test_parental_control.TestLocations" name="test_locations" time="0.048" /><testcase classname="backend.tests.test_parental_control.TestGeofences" name="test_get_geofences" time="0.049" /><testcase classname="backend.tests.test_parental_control.TestGeofences" name="test_create_and_delete_geofence" time="0.190" /><testcase classname="backend.tests.test_parental_control.TestApps" name="test_get_apps" time="0.048" /><testcase classname="backend.tests.test_parental_control.TestApps" name="test_toggle_block" time="0.195" /><testcase classname="backend.tests.test_parental_control.TestApps" name="test_toggle_block_404" time="0.049" /><testcase classname="backend.tests.test_parental_control.TestScreenTime" name="test_get_screen_time" time="0.048" /><testcase classname="backend.tests.test_parental_control.TestScreenTime" name="test_update_limit" time="0.141" /><testcase classname="backend.tests.test_parental_control.TestAlerts" name="test_get_alerts" time="0.046" /><testcase classname="backend.tests.test_parental_control.TestAlerts" name="test_mark_read" time="0.146" /><testcase classname="backend.tests.test_parental_control.TestAlerts" name="test_read_all" time="0.094" /><testcase classname="backend.tests.test_parental_control.TestSeed" name="test_seed_resets" time="0.100" /></testsuite></testsuites>